<?xml version="1.0" encoding="UTF-8"?>
<!-- Generated by org.testng.reporters.JUnitReportReporter -->
<testsuite hostname="idea-PC" name="com.flipkart.test.FlipkartTest" tests="2" failures="0" timestamp="31 Mar 2018 17:29:11 GMT" time="13.126" errors="0">
  <testcase name="testlaunchUrl" time="12.737" classname="com.flipkart.test.FlipkartTest"/>
  <testcase name="enterCredentials" time="0.389" classname="com.flipkart.test.FlipkartTest"/>
</testsuite> <!-- com.flipkart.test.FlipkartTest -->
